<?xml version="1.0" encoding="UTF-8"?>
<!-- Generated by org.testng.reporters.JUnitReportReporter -->
<testsuite hostname="RAYAN" failures="0" tests="1" name="testrunner.RunnerClass" time="29.008" errors="0" timestamp="2023-09-11T11:29:46 EDT" skipped="0">
  <testcase classname="testrunner.RunnerClass" name="feature" time="29.008"/>
</testsuite> <!-- testrunner.RunnerClass -->
